<?xml version="1.0" encoding="UTF-8"?>
<!-- Generated by org.testng.reporters.JUnitXMLReporter -->
<testsuite ignored="0" hostname="DESKTOP-R6E3P6M" failures="0" tests="2" name="Test-Runner1" time="31.271" errors="0" timestamp="2025-06-30T14:41:49 IST">
  <testcase classname="InventoryTests.AddToCart" name="sample" time="0.002"/>
  <testcase classname="InventoryTests.AddToCart" name="tc_001_AddProductToCartTest" time="0.771"/>
</testsuite> <!-- Test-Runner1 -->
