<?xml version="1.0" encoding="UTF-8"?>
<!-- Generated by org.testng.reporters.JUnitXMLReporter -->
<testsuite ignored="0" hostname="DESKTOP-R6E3P6M" failures="0" tests="1" name="Test-Runner2" time="25.318" errors="0" timestamp="2025-06-30T14:41:43 IST">
  <testcase classname="InventoryTests.AddLowestPriceProductToCart" name="tc_002_AddLowestPriceProductToCartTest" time="2.119"/>
</testsuite> <!-- Test-Runner2 -->
