<?xml version="1.0" encoding="UTF-8"?>
<!-- Generated by org.testng.reporters.JUnitReportReporter -->
<testsuite hostname="DESKTOP-R6E3P6M" failures="0" tests="1" name="InventoryTests.AddLowestPriceProductToCart" time="2.628" errors="0" timestamp="2025-06-30T15:01:52 IST" skipped="0">
  <testcase classname="InventoryTests.AddLowestPriceProductToCart" name="tc_002_AddLowestPriceProductToCartTest" time="2.628"/>
  <system-out/>
</testsuite> <!-- InventoryTests.AddLowestPriceProductToCart -->
